<?xml version="1.0" encoding="UTF-8"?>
<!-- Generated by org.testng.reporters.JUnitReportReporter -->
<testsuite hostname="vpulla-w7-vdi" name="pocTests.RegisterTest" tests="1" failures="1" timestamp="7 Nov 2016 08:58:21 GMT" time="4.634" errors="0">
  <testcase name="customerRegistrtaion" time="4.634" classname="pocTests.RegisterTest">
    <failure type="org.openqa.selenium.WebDriverException" message="unknown error: Element is not clickable at point (904, 963). Other element would receive the click: &lt;iframe name=&quot;f357860836d4c3c&quot; width=&quot;1000px&quot; height=&quot;1000px&quot; frameborder=&quot;0&quot; allowtransparency=&quot;true&quot; allowfullscreen=&quot;true&quot; scrolling=&quot;no&quot; title=&quot;fb:share_button Facebook Social Plugin&quot; src=&quot;https://www.facebook.com/v2.0/plugins/share_button.php?app_id=&amp;amp;channel=https%3A%2F%2Fstaticxx.facebook.com%2Fconnect%2Fxd_arbiter%2Fr%2FfTmIQU3LxvB.js%3Fversion%3D42%23cb%3Df3c05bd2a26c24c%26domain%3Dwww.compareit.com%26origin%3Dhttps%253A%252F%252Fwww.compareit.com%252Ff324b187442e25c%26relation%3Dparent.parent&amp;amp;container_width=100&amp;amp;href=https%3A%2F%2Fwww.compareit.com%2Flogin%2Fsignup&amp;amp;layout=button&amp;amp;locale=en_US&amp;amp;sdk=joey&quot; style=&quot;border: none; visibility: visible; width: 59px; height: 20px;&quot; class=&quot;&quot;&gt;&lt;/iframe&gt;
  (Session info: chrome=54.0.2840.71)
  (Driver info: chromedriver=2.24.417431 (9aea000394714d2fbb20850021f6204f2256b9cf),platform=Windows NT 6.1.7601 SP1 x86_64) (WARNING: The server did not provide any stacktrace information)
Command duration or timeout: 62 milliseconds
Build info: version: &#039;2.53.0&#039;, revision: &#039;35ae25b1534ae328c771e0856c93e187490ca824&#039;, time: &#039;2016-03-15 10:43:46&#039;
System info: host: &#039;vpulla-w7-vdi&#039;, ip: &#039;10.104.200.104&#039;, os.name: &#039;Windows 7&#039;, os.arch: &#039;x86&#039;, os.version: &#039;6.1&#039;, java.version: &#039;1.8.0_101&#039;
Driver info: org.openqa.selenium.chrome.ChromeDriver
Capabilities [{applicationCacheEnabled=false, rotatable=false, mobileEmulationEnabled=false, networkConnectionEnabled=false, chrome={chromedriverVersion=2.24.417431 (9aea000394714d2fbb20850021f6204f2256b9cf), userDataDir=C:\Users\vpulla\AppData\Local\Temp\scoped_dir5552_6433}, takesHeapSnapshot=true, pageLoadStrategy=normal, databaseEnabled=false, handlesAlerts=true, hasTouchScreen=false, version=54.0.2840.71, platform=XP, browserConnectionEnabled=false, nativeEvents=true, acceptSslCerts=true, locationContextEnabled=true, webStorageEnabled=true, browserName=chrome, takesScreenshot=true, javascriptEnabled=true, cssSelectorsEnabled=true}]
Session ID: 25658de07acdeef6beb49266417c97f6">
      <![CDATA[org.openqa.selenium.WebDriverException: unknown error: Element is not clickable at point (904, 963). Other element would receive the click: <iframe name="f357860836d4c3c" width="1000px" height="1000px" frameborder="0" allowtransparency="true" allowfullscreen="true" scrolling="no" title="fb:share_button Facebook Social Plugin" src="https://www.facebook.com/v2.0/plugins/share_button.php?app_id=&amp;channel=https%3A%2F%2Fstaticxx.facebook.com%2Fconnect%2Fxd_arbiter%2Fr%2FfTmIQU3LxvB.js%3Fversion%3D42%23cb%3Df3c05bd2a26c24c%26domain%3Dwww.compareit.com%26origin%3Dhttps%253A%252F%252Fwww.compareit.com%252Ff324b187442e25c%26relation%3Dparent.parent&amp;container_width=100&amp;href=https%3A%2F%2Fwww.compareit.com%2Flogin%2Fsignup&amp;layout=button&amp;locale=en_US&amp;sdk=joey" style="border: none; visibility: visible; width: 59px; height: 20px;" class=""></iframe>
  (Session info: chrome=54.0.2840.71)
  (Driver info: chromedriver=2.24.417431 (9aea000394714d2fbb20850021f6204f2256b9cf),platform=Windows NT 6.1.7601 SP1 x86_64) (WARNING: The server did not provide any stacktrace information)
Command duration or timeout: 62 milliseconds
Build info: version: '2.53.0', revision: '35ae25b1534ae328c771e0856c93e187490ca824', time: '2016-03-15 10:43:46'
System info: host: 'vpulla-w7-vdi', ip: '10.104.200.104', os.name: 'Windows 7', os.arch: 'x86', os.version: '6.1', java.version: '1.8.0_101'
Driver info: org.openqa.selenium.chrome.ChromeDriver
Capabilities [{applicationCacheEnabled=false, rotatable=false, mobileEmulationEnabled=false, networkConnectionEnabled=false, chrome={chromedriverVersion=2.24.417431 (9aea000394714d2fbb20850021f6204f2256b9cf), userDataDir=C:\Users\vpulla\AppData\Local\Temp\scoped_dir5552_6433}, takesHeapSnapshot=true, pageLoadStrategy=normal, databaseEnabled=false, handlesAlerts=true, hasTouchScreen=false, version=54.0.2840.71, platform=XP, browserConnectionEnabled=false, nativeEvents=true, acceptSslCerts=true, locationContextEnabled=true, webStorageEnabled=true, browserName=chrome, takesScreenshot=true, javascriptEnabled=true, cssSelectorsEnabled=true}]
Session ID: 25658de07acdeef6beb49266417c97f6
	at sun.reflect.NativeConstructorAccessorImpl.newInstance0(Native Method)
	at sun.reflect.NativeConstructorAccessorImpl.newInstance(Unknown Source)
	at sun.reflect.DelegatingConstructorAccessorImpl.newInstance(Unknown Source)
	at java.lang.reflect.Constructor.newInstance(Unknown Source)
	at org.openqa.selenium.remote.ErrorHandler.createThrowable(ErrorHandler.java:206)
	at org.openqa.selenium.remote.ErrorHandler.throwIfResponseFailed(ErrorHandler.java:158)
	at org.openqa.selenium.remote.RemoteWebDriver.execute(RemoteWebDriver.java:678)
	at org.openqa.selenium.remote.RemoteWebElement.execute(RemoteWebElement.java:327)
	at org.openqa.selenium.remote.RemoteWebElement.click(RemoteWebElement.java:85)
	at pom.RegisterDetailsPage.signUpNewUser(RegisterDetailsPage.java:36)
	at pocTests.RegisterTest.customerRegistrtaion(RegisterTest.java:44)
	at sun.reflect.NativeMethodAccessorImpl.invoke0(Native Method)
	at sun.reflect.NativeMethodAccessorImpl.invoke(Unknown Source)
	at sun.reflect.DelegatingMethodAccessorImpl.invoke(Unknown Source)
	at java.lang.reflect.Method.invoke(Unknown Source)
	at org.testng.internal.MethodInvocationHelper.invokeMethod(MethodInvocationHelper.java:85)
	at org.testng.internal.Invoker.invokeMethod(Invoker.java:696)
	at org.testng.internal.Invoker.invokeTestMethod(Invoker.java:882)
	at org.testng.internal.Invoker.invokeTestMethods(Invoker.java:1189)
	at org.testng.internal.TestMethodWorker.invokeTestMethods(TestMethodWorker.java:124)
	at org.testng.internal.TestMethodWorker.run(TestMethodWorker.java:108)
	at org.testng.TestRunner.privateRun(TestRunner.java:767)
	at org.testng.TestRunner.run(TestRunner.java:617)
	at org.testng.SuiteRunner.runTest(SuiteRunner.java:348)
	at org.testng.SuiteRunner.runSequentially(SuiteRunner.java:343)
	at org.testng.SuiteRunner.privateRun(SuiteRunner.java:305)
	at org.testng.SuiteRunner.run(SuiteRunner.java:254)
	at org.testng.SuiteRunnerWorker.runSuite(SuiteRunnerWorker.java:52)
	at org.testng.SuiteRunnerWorker.run(SuiteRunnerWorker.java:86)
	at org.testng.TestNG.runSuitesSequentially(TestNG.java:1224)
	at org.testng.TestNG.runSuitesLocally(TestNG.java:1149)
	at org.testng.TestNG.run(TestNG.java:1057)
	at org.testng.remote.RemoteTestNG.run(RemoteTestNG.java:111)
	at org.testng.remote.RemoteTestNG.initAndRun(RemoteTestNG.java:204)
	at org.testng.remote.RemoteTestNG.main(RemoteTestNG.java:175)
]]>
    </failure>
  </testcase> <!-- customerRegistrtaion -->
</testsuite> <!-- pocTests.RegisterTest -->
